<?xml version="1.0" encoding="UTF-8"?>
<!-- Generated by org.testng.reporters.JUnitReportReporter -->
<testsuite hostname="DESKTOP-KDKJ11Q" failures="0" tests="5" name="com.salesForce.tests.Opportunity.OpportunityTest" time="114.423" errors="0" timestamp="2022-02-25T13:51:10 PST" skipped="0">
  <testcase classname="com.salesForce.tests.Opportunity.OpportunityTest" name="stuckOpportunityT18" time="21.014"/>
  <system-out/>
  <testcase classname="com.salesForce.tests.Opportunity.OpportunityTest" name="createNewOportuntyT16" time="24.817"/>
  <system-out/>
  <testcase classname="com.salesForce.tests.Opportunity.OpportunityTest" name="opportunityPipeLineUserT17" time="24.120"/>
  <system-out/>
  <testcase classname="com.salesForce.tests.Opportunity.OpportunityTest" name="opportunityUserT15" time="24.337"/>
  <system-out/>
  <testcase classname="com.salesForce.tests.Opportunity.OpportunityTest" name="QuartelySumryReportT18" time="20.135"/>
  <system-out/>
</testsuite> <!-- com.salesForce.tests.Opportunity.OpportunityTest -->
