<?xml version="1.0" encoding="UTF-8"?>
<!-- Generated by org.testng.reporters.JUnitReportReporter -->
<testsuite hostname="DESKTOP-KDKJ11Q" failures="0" tests="1" name="com.salesForce.tests.Opportunity.OpportunityTest" time="19.014" errors="0" timestamp="2022-02-18T16:05:42 PST" skipped="0">
  <testcase classname="com.salesForce.tests.Opportunity.OpportunityTest" name="stuckOpportunityT18" time="19.014"/>
  <system-out/>
</testsuite> <!-- com.salesForce.tests.Opportunity.OpportunityTest -->
