<?xml version="1.0" encoding="UTF-8"?>
<!-- Generated by org.testng.reporters.JUnitReportReporter -->
<testsuite hostname="DESKTOP-KDKJ11Q" failures="0" tests="5" name="com.salesForce.test.Leads.LeadTest" time="114.152" errors="0" timestamp="2022-02-25T13:51:10 PST" skipped="0">
  <testcase classname="com.salesForce.test.Leads.LeadTest" name="T21LeadSelectView" time="21.976"/>
  <system-out/>
  <testcase classname="com.salesForce.test.Leads.LeadTest" name="T22DefaultView" time="33.276"/>
  <system-out/>
  <testcase classname="com.salesForce.test.Leads.LeadTest" name="T23TodaysLead" time="18.072"/>
  <system-out/>
  <testcase classname="com.salesForce.test.Leads.LeadTest" name="T24NewLead" time="20.561"/>
  <system-out/>
  <testcase classname="com.salesForce.test.Leads.LeadTest" name="LeadsHomT20" time="20.267"/>
  <system-out/>
</testsuite> <!-- com.salesForce.test.Leads.LeadTest -->
