<?xml version="1.0" encoding="UTF-8"?>
<!-- Generated by org.testng.reporters.JUnitReportReporter -->
<testsuite hostname="DESKTOP-KDKJ11Q" failures="0" tests="5" name="com.salesForce.tests.Login.LoginTest" time="71.835" errors="0" timestamp="2022-02-15T15:18:43 PST" skipped="0">
  <testcase classname="com.salesForce.tests.Login.LoginTest" name="LoginToSFDCT2" time="21.884"/>
  <system-out/>
  <testcase classname="com.salesForce.tests.Login.LoginTest" name="ForgotPassword4A" time="10.598"/>
  <system-out/>
  <testcase classname="com.salesForce.tests.Login.LoginTest" name="checkRemeberMe3" time="20.768"/>
  <system-out/>
  <testcase classname="com.salesForce.tests.Login.LoginTest" name="validateLoginErrorMesg4B" time="10.721"/>
  <system-out/>
  <testcase classname="com.salesForce.tests.Login.LoginTest" name="LoginwithoutPwdT1" time="7.864"/>
  <system-out/>
</testsuite> <!-- com.salesForce.tests.Login.LoginTest -->
