<?xml version="1.0" encoding="UTF-8"?>
<!-- Generated by org.testng.reporters.JUnitReportReporter -->
<testsuite hostname="DESKTOP-KDKJ11Q" failures="0" tests="1" name="comm.fierbase.tests.RandomScenario.RandomScenarioTest" time="37.749" errors="0" timestamp="2022-02-23T14:20:23 PST" skipped="0">
  <testcase classname="comm.fierbase.tests.RandomScenario.RandomScenarioTest" name="verifyTheTabCustomizaionT35" time="37.749"/>
  <system-out/>
</testsuite> <!-- comm.fierbase.tests.RandomScenario.RandomScenarioTest -->
