<?xml version="1.0" encoding="UTF-8"?>
<!-- Generated by org.testng.reporters.JUnitReportReporter -->
<testsuite hostname="DESKTOP-KDKJ11Q" failures="0" tests="5" name="com.salesForce.test.Leads.LeadTest" time="114.824" errors="0" timestamp="2022-02-17T17:10:22 PST" skipped="0">
  <testcase classname="com.salesForce.test.Leads.LeadTest" name="T22DefaultView" time="33.828"/>
  <system-out/>
  <testcase classname="com.salesForce.test.Leads.LeadTest" name="T23TodaysLead" time="22.091"/>
  <system-out/>
  <testcase classname="com.salesForce.test.Leads.LeadTest" name="T24NewLead" time="24.751"/>
  <system-out/>
  <testcase classname="com.salesForce.test.Leads.LeadTest" name="LeadsHomT20" time="18.455"/>
  <system-out/>
  <testcase classname="com.salesForce.test.Leads.LeadTest" name="T21LeadSelectView" time="15.699"/>
  <system-out/>
</testsuite> <!-- com.salesForce.test.Leads.LeadTest -->
