<?xml version="1.0" encoding="UTF-8"?>
<!-- Generated by org.testng.reporters.JUnitReportReporter -->
<testsuite hostname="DESKTOP-KDKJ11Q" failures="0" tests="1" name="com.salesForce.test.Contacts.ContactTest" time="19.769" errors="0" timestamp="2022-02-18T15:22:50 PST" skipped="0">
  <testcase classname="com.salesForce.test.Contacts.ContactTest" name="T32SaveAndNewButtonVerificationInNewContact" time="19.769"/>
  <system-out/>
</testsuite> <!-- com.salesForce.test.Contacts.ContactTest -->
