<?xml version="1.0" encoding="UTF-8"?>
<!-- Generated by org.testng.reporters.JUnitReportReporter -->
<testsuite hostname="DESKTOP-KDKJ11Q" failures="0" tests="5" name="com.salesForce.tests.Login.LoginTest" time="85.491" errors="0" timestamp="2022-02-25T13:51:10 PST" skipped="0">
  <testcase classname="com.salesForce.tests.Login.LoginTest" name="ForgotPassword4A" time="10.830"/>
  <system-out/>
  <testcase classname="com.salesForce.tests.Login.LoginTest" name="LoginToSFDCT2" time="18.717"/>
  <system-out/>
  <testcase classname="com.salesForce.tests.Login.LoginTest" name="validateLoginErrorMesg4B" time="21.063"/>
  <system-out/>
  <testcase classname="com.salesForce.tests.Login.LoginTest" name="LoginwithoutPwdT1" time="11.090"/>
  <system-out/>
  <testcase classname="com.salesForce.tests.Login.LoginTest" name="checkRemeberMe3" time="23.791"/>
  <system-out/>
</testsuite> <!-- com.salesForce.tests.Login.LoginTest -->
